<?xml version="1.0" encoding="UTF-8"?>
<!-- Generated by org.testng.reporters.JUnitReportReporter -->
<testsuite hostname="ARUNA-PC" name="Create_Generic_BackUp_Ads.Verify_Segment_Count" tests="1" failures="0" timestamp="7 Mar 2016 13:01:22 GMT" time="0.000" errors="1">
  <testcase name="verify_Segment_Count_In_Create_Generic_Ad" time="0.000" classname="Create_Generic_BackUp_Ads.Verify_Segment_Count">
    <error type="org.testng.TestNGException" message="
Data Provider public static int Create_Generic_BackUp_Ads.Verify_Segment_Count.getRowCount() must return either Object[][] or Iterator&lt;Object&gt;[], not int">
      <![CDATA[org.testng.TestNGException: 
Data Provider public static int Create_Generic_BackUp_Ads.Verify_Segment_Count.getRowCount() must return either Object[][] or Iterator<Object>[], not int
	at org.testng.internal.MethodInvocationHelper.invokeDataProvider(MethodInvocationHelper.java:156)
	at org.testng.internal.Parameters.handleParameters(Parameters.java:430)
	at org.testng.internal.Invoker.handleParameters(Invoker.java:1276)
	at org.testng.internal.Invoker.createParameters(Invoker.java:992)
	at org.testng.internal.Invoker.invokeTestMethods(Invoker.java:1082)
	at org.testng.internal.TestMethodWorker.invokeTestMethods(TestMethodWorker.java:124)
	at org.testng.internal.TestMethodWorker.run(TestMethodWorker.java:108)
	at org.testng.TestRunner.privateRun(TestRunner.java:773)
	at org.testng.TestRunner.run(TestRunner.java:623)
	at org.testng.SuiteRunner.runTest(SuiteRunner.java:357)
	at org.testng.SuiteRunner.runSequentially(SuiteRunner.java:352)
	at org.testng.SuiteRunner.privateRun(SuiteRunner.java:310)
	at org.testng.SuiteRunner.run(SuiteRunner.java:259)
	at org.testng.SuiteRunnerWorker.runSuite(SuiteRunnerWorker.java:52)
	at org.testng.SuiteRunnerWorker.run(SuiteRunnerWorker.java:86)
	at org.testng.TestNG.runSuitesSequentially(TestNG.java:1185)
	at org.testng.TestNG.runSuitesLocally(TestNG.java:1110)
	at org.testng.TestNG.run(TestNG.java:1018)
	at org.testng.remote.RemoteTestNG.run(RemoteTestNG.java:111)
	at org.testng.remote.RemoteTestNG.initAndRun(RemoteTestNG.java:204)
	at org.testng.remote.RemoteTestNG.main(RemoteTestNG.java:175)
]]>
    </error>
  </testcase> <!-- verify_Segment_Count_In_Create_Generic_Ad -->
</testsuite> <!-- Create_Generic_BackUp_Ads.Verify_Segment_Count -->
