<?xml version="1.0" encoding="UTF-8"?>
<!-- Generated by org.testng.reporters.JUnitXMLReporter -->
<testsuite hostname="ARUNA-PC" name="Edit campaign setup" tests="1" failures="1" timestamp="25 Mar 2016 06:23:52 GMT" time="21.157" errors="0">
  <testcase name="verify_Camp_Setup_InEdit" time="21.151" classname="Edit_Campaign.Verify_EditCamp_Setup">
    <failure type="org.openqa.selenium.NoSuchElementException" message="Unable to locate element: {&amp;quot;method&amp;quot;:&amp;quot;name&amp;quot;,&amp;quot;selector&amp;quot;:&amp;quot;.//*[@id=&amp;apos;content-main&amp;apos;]/div/div[2]/div/form/div/div[4]/div[2]/div[3]/input&amp;quot;}
Command duration or timeout: 20.09 seconds
For documentation on this error, please visit: http://seleniumhq.org/exceptions/no_such_element.html
Build info: version: &amp;apos;2.53.0&amp;apos;, revision: &amp;apos;35ae25b&amp;apos;, time: &amp;apos;2016-03-15 17:00:58&amp;apos;
System info: host: &amp;apos;ARUNA-PC&amp;apos;, ip: &amp;apos;192.168.2.16&amp;apos;, os.name: &amp;apos;Windows 7&amp;apos;, os.arch: &amp;apos;x86&amp;apos;, os.version: &amp;apos;6.1&amp;apos;, java.version: &amp;apos;1.8.0&amp;apos;
Driver info: org.openqa.selenium.firefox.FirefoxDriver
Capabilities [{applicationCacheEnabled=true, rotatable=false, handlesAlerts=true, databaseEnabled=true, version=46.0, platform=WINDOWS, nativeEvents=false, acceptSslCerts=true, webStorageEnabled=true, locationContextEnabled=true, browserName=firefox, takesScreenshot=true, javascriptEnabled=true, cssSelectorsEnabled=true}]
Session ID: 9ab5737d-0c00-4450-8095-bdd8dcf7ba45
*** Element info: {Using=name, value=.//*[@id=&amp;apos;content-main&amp;apos;]/div/div[2]/div/form/div/div[4]/div[2]/div[3]/input}">
      <![CDATA[org.openqa.selenium.NoSuchElementException: Unable to locate element: {"method":"name","selector":".//*[@id='content-main']/div/div[2]/div/form/div/div[4]/div[2]/div[3]/input"}
Command duration or timeout: 20.09 seconds
For documentation on this error, please visit: http://seleniumhq.org/exceptions/no_such_element.html
Build info: version: '2.53.0', revision: '35ae25b', time: '2016-03-15 17:00:58'
System info: host: 'ARUNA-PC', ip: '192.168.2.16', os.name: 'Windows 7', os.arch: 'x86', os.version: '6.1', java.version: '1.8.0'
Driver info: org.openqa.selenium.firefox.FirefoxDriver
Capabilities [{applicationCacheEnabled=true, rotatable=false, handlesAlerts=true, databaseEnabled=true, version=46.0, platform=WINDOWS, nativeEvents=false, acceptSslCerts=true, webStorageEnabled=true, locationContextEnabled=true, browserName=firefox, takesScreenshot=true, javascriptEnabled=true, cssSelectorsEnabled=true}]
Session ID: 9ab5737d-0c00-4450-8095-bdd8dcf7ba45
*** Element info: {Using=name, value=.//*[@id='content-main']/div/div[2]/div/form/div/div[4]/div[2]/div[3]/input}
	at org.openqa.selenium.remote.ErrorHandler.createThrowable(ErrorHandler.java:206)
	at org.openqa.selenium.remote.ErrorHandler.throwIfResponseFailed(ErrorHandler.java:158)
	at org.openqa.selenium.remote.RemoteWebDriver.execute(RemoteWebDriver.java:678)
	at org.openqa.selenium.remote.RemoteWebDriver.findElement(RemoteWebDriver.java:363)
	at org.openqa.selenium.remote.RemoteWebDriver.findElementByName(RemoteWebDriver.java:461)
	at org.openqa.selenium.By$ByName.findElement(By.java:303)
	at org.openqa.selenium.remote.RemoteWebDriver.findElement(RemoteWebDriver.java:355)
	at Campaigns.Edit_Campaign.campaign_Setup(Edit_Campaign.java:75)
	at Edit_Campaign.Verify_EditCamp_Setup.verify_Camp_Setup_InEdit(Verify_EditCamp_Setup.java:29)
Caused by: org.openqa.selenium.NoSuchElementException: Unable to locate element: {"method":"name","selector":".//*[@id='content-main']/div/div[2]/div/form/div/div[4]/div[2]/div[3]/input"}
For documentation on this error, please visit: http://seleniumhq.org/exceptions/no_such_element.html
Build info: version: '2.53.0', revision: '35ae25b', time: '2016-03-15 17:00:58'
System info: host: 'ARUNA-PC', ip: '192.168.2.16', os.name: 'Windows 7', os.arch: 'x86', os.version: '6.1', java.version: '1.8.0'
Driver info: driver.version: unknown
	at <anonymous class>.FirefoxDriver.prototype.findElementInternal_(file:///C:/Users/sandeep/AppData/Local/Temp/anonymous2548106654198188779webdriver-profile/extensions/fxdriver@googlecode.com/components/driver-component.js:10770)
	at <anonymous class>.fxdriver.Timer.prototype.setTimeout/<.notify(file:///C:/Users/sandeep/AppData/Local/Temp/anonymous2548106654198188779webdriver-profile/extensions/fxdriver@googlecode.com/components/driver-component.js:625)
... Removed 28 stack frames]]>
    </failure>
  </testcase> <!-- verify_Camp_Setup_InEdit -->
</testsuite> <!-- Edit campaign setup -->
