<?xml version="1.0" encoding="UTF-8"?>
<!-- Generated by org.testng.reporters.JUnitXMLReporter -->
<testsuite hostname="ARUNA-PC" name="Select message keys" tests="1" failures="1" timestamp="25 Mar 2016 11:45:28 GMT" time="20.133" errors="0">
  <testcase name="verify_Message_Keys" time="20.128" classname="Segments.Select_Message_Keys">
    <failure type="org.openqa.selenium.NoSuchElementException" message="Cannot locate element with text: Yr
For documentation on this error, please visit: http://seleniumhq.org/exceptions/no_such_element.html
Build info: version: &amp;apos;2.53.0&amp;apos;, revision: &amp;apos;35ae25b&amp;apos;, time: &amp;apos;2016-03-15 17:00:58&amp;apos;
System info: host: &amp;apos;ARUNA-PC&amp;apos;, ip: &amp;apos;192.168.2.16&amp;apos;, os.name: &amp;apos;Windows 7&amp;apos;, os.arch: &amp;apos;x86&amp;apos;, os.version: &amp;apos;6.1&amp;apos;, java.version: &amp;apos;1.8.0&amp;apos;
Driver info: driver.version: unknown">
      <![CDATA[org.openqa.selenium.NoSuchElementException: Cannot locate element with text: Yr
For documentation on this error, please visit: http://seleniumhq.org/exceptions/no_such_element.html
Build info: version: '2.53.0', revision: '35ae25b', time: '2016-03-15 17:00:58'
System info: host: 'ARUNA-PC', ip: '192.168.2.16', os.name: 'Windows 7', os.arch: 'x86', os.version: '6.1', java.version: '1.8.0'
Driver info: driver.version: unknown
	at org.openqa.selenium.support.ui.Select.selectByVisibleText(Select.java:150)
	at Segments.Create_Segment.select_Message_Keys(Create_Segment.java:35)
	at Segments.Select_Message_Keys.verify_Message_Keys(Select_Message_Keys.java:26)
... Removed 24 stack frames]]>
    </failure>
  </testcase> <!-- verify_Message_Keys -->
</testsuite> <!-- Select message keys -->
